<?xml version="1.0" encoding="UTF-8"?>
<testsuite name="ch.lihsmi.end2end.UniqueMessageProcessingTest" time="1.938" tests="5" errors="0" skipped="0" failures="0">
  <properties>
[...]
</properties>
  <testcase name="messagesAreLoadBalancedAmongstConsumers" classname="ch.lihsmi.end2end.UniqueMessageProcessingTest" time="0.309"/>
  <testcase name="messagesAreProcessedBySingleConsumer" classname="ch.lihsmi.end2end.UniqueMessageProcessingTest" time="0.079"/>
  <testcase name="messagesAreFannedOutToMultipleConsumerPools" classname="ch.lihsmi.end2end.UniqueMessageProcessingTest" time="0.133"/>
  <testcase name="messagesAreNotRoutedToBusyConsumers" classname="ch.lihsmi.end2end.UniqueMessageProcessingTest" time="1.05"/>
  <testcase name="messagesAreReassignedToAnotherConsumerIfOneConsumerFails" classname="ch.lihsmi.end2end.UniqueMessageProcessingTest" time="0.367"/>
</testsuite>